{"numFailedTestSuites":1,"numFailedTests":0,"numPassedTestSuites":0,"numPassedTests":0,"numPendingTestSuites":0,"numPendingTests":0,"numRuntimeErrorTestSuites":1,"numTodoTests":0,"numTotalTestSuites":1,"numTotalTests":0,"openHandles":[],"snapshot":{"added":0,"didUpdate":false,"failure":false,"filesAdded":0,"filesRemoved":0,"filesRemovedList":[],"filesUnmatched":0,"filesUpdated":0,"matched":0,"total":0,"unchecked":0,"uncheckedKeysByFile":[],"unmatched":0,"updated":0},"startTime":1764097157463,"success":false,"testResults":[{"assertionResults":[],"coverage":{},"endTime":1764097157694,"message":"  ● Test suite failed to run\n\n    Cannot find module './index' from '__tests__/index.test.js'\n\n    However, Jest was able to find:\n    \t'./index.test.js'\n\n    You might want to include a file extension in your import, or update your 'moduleFileExtensions', which is currently ['js', 'mjs', 'cjs', 'jsx', 'ts', 'mts', 'cts', 'tsx', 'json', 'node'].\n\n    See https://jestjs.io/docs/configuration#modulefileextensions-arraystring\n\n      1 | // index.test.js\n    > 2 | const { test } = require('./index');\n        |                  ^\n      3 |\n      4 | describe('test function', () => {\n      5 |   it('should log \"Hello world\"', () => {\n\n      at Resolver._throwModNotFoundError (node_modules/jest-resolve/build/index.js:863:11)\n      at Object.require (__tests__/index.test.js:2:18)\n","name":"/Users/mersi/Desktop/ai-agent/backend/workspace/ad8e048f-d989-43ef-b1e4-ce347a2c84ba/__tests__/index.test.js","startTime":1764097157694,"status":"failed","summary":""}],"wasInterrupted":false,"coverageMap":{}}
